CM,APAC,00,HHZ,100.0,HHZ
CM,ARGC,40,HLZ,100.0,HLZ
CM,BBAC,00,HHZ,100.0,HHZ
CM,BET,20,EHZ,100.0,EHZ
CM,BRR,00,HHZ,0.0,HHZ
CM,CAP2,00,HHZ,97.0,HHZ
CM,CBOC,00,HHZ,82.0,HHZ
CM,CHI,00,HHZ,0.0,HHZ
CM,CONO,00,HHZ,100.0,HHZ
CM,CRJC,00,HHZ,100.0,HHZ
CM,CRU,20,EHZ,100.0,EHZ
CM,CUM,20,EHZ,100.0,EHZ
CM,CVER,00,HHZ,84.0,HHZ
CM,DBB,00,HHZ,100.0,HHZ
CM,DBB,20,EHZ,100.0,EHZ
CM,DRL05,20,EHZ,100.0,EHZ
CM,DRL06,20,EHZ,91.0,EHZ
CM,FLO2,00,HHZ,99.0,HHZ
CM,GARC,00,HHZ,100.0,HHZ
CM,GR1C,20,EHZ,100.0,EHZ
CM,GUA,20,EHZ,67.0,EHZ
CM,GUY2C,00,HHZ,100.0,HHZ
CM,HEL,00,HHZ,99.0,HHZ
CM,JAMC,00,HHZ,100.0,HHZ
CM,LCBC,00,HHZ,99.0,HHZ
CM,MACC,00,HHZ,100.0,HHZ
CM,MAL,20,EHZ,100.0,EHZ
CM,MAP,00,HHZ,0.0,HHZ
CM,MARO,00,HHZ,100.0,HHZ
CM,NOR,00,HHZ,100.0,HHZ
CM,ORTC,00,HHZ,100.0,HHZ
CM,PAL,00,HHZ,99.0,HHZ
CM,PAL,40,HLZ,100.0,HLZ
CM,PAM,20,EHZ,100.0,EHZ
CM,PIZC,00,HHZ,100.0,HHZ
CM,POP2,00,HHZ,100.0,HHZ
CM,POP2,40,HLZ,100.0,HLZ
CM,PRA,00,HHZ,0.0,HHZ
CM,PRV,00,HHZ,100.0,HHZ
CM,PTA,00,HHZ,100.0,HHZ
CM,PTB,00,HHZ,100.0,HHZ
CM,PTGC,00,HHZ,99.0,HHZ
CM,PTLC,00,HHZ,100.0,HHZ
CM,PTLC,40,HLZ,100.0,HLZ
CM,SJC,00,HHZ,100.0,HHZ
CM,SOL,20,EHZ,100.0,EHZ
CM,SOTO,00,HHZ,100.0,HHZ
CM,SPBC,00,HHZ,100.0,HHZ
CM,TABC,20,EHZ,0.0,EHZ
CM,TAM,00,HHZ,53.0,HHZ
CM,TOLC,20,EHZ,0.0,EHZ
CM,TUM,00,HHZ,96.0,HHZ
CM,URE,00,HHZ,25.0,HHZ
CM,URE,40,HLZ,25.0,HLZ
CM,URI,00,HHZ,55.0,HHZ
CM,VIL,20,EHZ,100.0,EHZ
CM,VIL,40,HLZ,100.0,HLZ
CM,YOT,00,HHZ,100.0,HHZ
CM,ZAR,00,HHZ,74.0,HHZ
